#        x              poli            horner        diferencia
  -4.000000e-01    1.237055e+04    1.237055e+04    9.765625e-04
  -3.992000e-01    1.236110e+04    1.236110e+04    0.000000e+00
  -3.984000e-01    1.235168e+04    1.235168e+04    0.000000e+00
  -3.976000e-01    1.234226e+04    1.234226e+04    0.000000e+00
  -3.968000e-01    1.233286e+04    1.233286e+04    9.765625e-04
  -3.960000e-01    1.232347e+04    1.232347e+04    0.000000e+00
  -3.952000e-01    1.231410e+04    1.231410e+04    9.765625e-04
  -3.944000e-01    1.230474e+04    1.230474e+04    0.000000e+00
  -3.936000e-01    1.229540e+04    1.229539e+04    9.765625e-04
  -3.928000e-01    1.228606e+04    1.228606e+04    0.000000e+00
  -3.920000e-01    1.227674e+04    1.227675e+04    9.765625e-04
  -3.912000e-01    1.226744e+04    1.226744e+04    9.765625e-04
  -3.904000e-01    1.225815e+04    1.225815e+04    9.765625e-04
  -3.896000e-01    1.224887e+04    1.224887e+04    9.765625e-04
  -3.888000e-01    1.223961e+04    1.223961e+04    9.765625e-04
  -3.880000e-01    1.223036e+04    1.223036e+04    9.765625e-04
  -3.872000e-01    1.222112e+04    1.222112e+04    9.765625e-04
  -3.864000e-01    1.221190e+04    1.221190e+04    0.000000e+00
  -3.856000e-01    1.220269e+04    1.220269e+04    0.000000e+00
  -3.848000e-01    1.219350e+04    1.219350e+04    0.000000e+00
  -3.840000e-01    1.218432e+04    1.218432e+04    9.765625e-04
  -3.832000e-01    1.217515e+04    1.217515e+04    9.765625e-04
  -3.824000e-01    1.216599e+04    1.216600e+04    1.953125e-03
  -3.816000e-01    1.215685e+04    1.215685e+04    0.000000e+00
  -3.808000e-01    1.214773e+04    1.214773e+04    0.000000e+00
  -3.800000e-01    1.213862e+04    1.213862e+04    9.765625e-04
  -3.792000e-01    1.212952e+04    1.212952e+04    0.000000e+00
  -3.784000e-01    1.212043e+04    1.212043e+04    1.953125e-03
  -3.776000e-01    1.211136e+04    1.211136e+04    1.953125e-03
  -3.768000e-01    1.210230e+04    1.210230e+04    9.765625e-04
  -3.760000e-01    1.209326e+04    1.209326e+04    0.000000e+00
  -3.752000e-01    1.208423e+04    1.208423e+04    9.765625e-04
  -3.744000e-01    1.207521e+04    1.207521e+04    0.000000e+00
  -3.736000e-01    1.206621e+04    1.206621e+04    9.765625e-04
  -3.728000e-01    1.205722e+04    1.205722e+04    0.000000e+00
  -3.720000e-01    1.204824e+04    1.204824e+04    0.000000e+00
  -3.712000e-01    1.203928e+04    1.203928e+04    0.000000e+00
  -3.704000e-01    1.203033e+04    1.203033e+04    9.765625e-04
  -3.696000e-01    1.202139e+04    1.202140e+04    9.765625e-04
  -3.688000e-01    1.201247e+04    1.201247e+04    9.765625e-04
  -3.680000e-01    1.200357e+04    1.200357e+04    0.000000e+00
  -3.672000e-01    1.199467e+04    1.199467e+04    0.000000e+00
  -3.664000e-01    1.198579e+04    1.198579e+04    0.000000e+00
  -3.656000e-01    1.197692e+04    1.197692e+04    9.765625e-04
  -3.648000e-01    1.196807e+04    1.196807e+04    0.000000e+00
  -3.640000e-01    1.195923e+04    1.195923e+04    0.000000e+00
  -3.632000e-01    1.195041e+04    1.195041e+04    1.953125e-03
  -3.624000e-01    1.194159e+04    1.194159e+04    9.765625e-04
  -3.616000e-01    1.193279e+04    1.193280e+04    9.765625e-04
  -3.608000e-01    1.192401e+04    1.192401e+04    9.765625e-04
  -3.600000e-01    1.191524e+04    1.191524e+04    9.765625e-04
  -3.592000e-01    1.190648e+04    1.190648e+04    0.000000e+00
  -3.584000e-01    1.189774e+04    1.189774e+04    9.765625e-04
  -3.576000e-01    1.188901e+04    1.188901e+04    0.000000e+00
  -3.568000e-01    1.188029e+04    1.188029e+04    0.000000e+00
  -3.560000e-01    1.187159e+04    1.187159e+04    0.000000e+00
  -3.552000e-01    1.186290e+04    1.186290e+04    0.000000e+00
  -3.544000e-01    1.185422e+04    1.185422e+04    0.000000e+00
  -3.536000e-01    1.184556e+04    1.184556e+04    0.000000e+00
  -3.528000e-01    1.183691e+04    1.183691e+04    9.765625e-04
  -3.520000e-01    1.182827e+04    1.182827e+04    0.000000e+00
  -3.512000e-01    1.181965e+04    1.181965e+04    1.953125e-03
  -3.504000e-01    1.181104e+04    1.181104e+04    0.000000e+00
  -3.496000e-01    1.180245e+04    1.180245e+04    9.765625e-04
  -3.488000e-01    1.179387e+04    1.179387e+04    0.000000e+00
  -3.480000e-01    1.178530e+04    1.178530e+04    9.765625e-04
  -3.472000e-01    1.177674e+04    1.177674e+04    0.000000e+00
  -3.464000e-01    1.176820e+04    1.176820e+04    0.000000e+00
  -3.456000e-01    1.175968e+04    1.175967e+04    9.765625e-04
  -3.448000e-01    1.175116e+04    1.175116e+04    9.765625e-04
  -3.440000e-01    1.174266e+04    1.174266e+04    0.000000e+00
  -3.432000e-01    1.173417e+04    1.173417e+04    0.000000e+00
  -3.424000e-01    1.172570e+04    1.172570e+04    9.765625e-04
  -3.416000e-01    1.171724e+04    1.171724e+04    0.000000e+00
  -3.408000e-01    1.170880e+04    1.170880e+04    0.000000e+00
  -3.400000e-01    1.170036e+04    1.170036e+04    0.000000e+00
  -3.392000e-01    1.169195e+04    1.169194e+04    9.765625e-04
  -3.384000e-01    1.168354e+04    1.168354e+04    0.000000e+00
  -3.376000e-01    1.167515e+04    1.167515e+04    0.000000e+00
  -3.368000e-01    1.166677e+04    1.166677e+04    9.765625e-04
  -3.360000e-01    1.165840e+04    1.165840e+04    9.765625e-04
  -3.352000e-01    1.165005e+04    1.165005e+04    0.000000e+00
  -3.344000e-01    1.164171e+04    1.164171e+04    9.765625e-04
  -3.336000e-01    1.163339e+04    1.163339e+04    9.765625e-04
  -3.328000e-01    1.162508e+04    1.162508e+04    0.000000e+00
  -3.320000e-01    1.161678e+04    1.161678e+04    0.000000e+00
  -3.312000e-01    1.160850e+04    1.160850e+04    9.765625e-04
  -3.304000e-01    1.160023e+04    1.160023e+04    0.000000e+00
  -3.296000e-01    1.159197e+04    1.159197e+04    0.000000e+00
  -3.288000e-01    1.158372e+04    1.158372e+04    0.000000e+00
  -3.280000e-01    1.157549e+04    1.157549e+04    9.765625e-04
  -3.272000e-01    1.156728e+04    1.156728e+04    0.000000e+00
  -3.264000e-01    1.155907e+04    1.155907e+04    0.000000e+00
  -3.256000e-01    1.155088e+04    1.155088e+04    0.000000e+00
  -3.248000e-01    1.154271e+04    1.154271e+04    9.765625e-04
  -3.240000e-01    1.153454e+04    1.153454e+04    9.765625e-04
  -3.232000e-01    1.152639e+04    1.152639e+04    0.000000e+00
  -3.224000e-01    1.151826e+04    1.151826e+04    0.000000e+00
  -3.216000e-01    1.151013e+04    1.151013e+04    0.000000e+00
  -3.208000e-01    1.150203e+04    1.150203e+04    0.000000e+00
  -3.200000e-01    1.149393e+04    1.149393e+04    0.000000e+00
  -3.192000e-01    1.148585e+04    1.148585e+04    1.953125e-03
  -3.184000e-01    1.147778e+04    1.147778e+04    9.765625e-04
  -3.176000e-01    1.146972e+04    1.146972e+04    0.000000e+00
  -3.168000e-01    1.146168e+04    1.146168e+04    9.765625e-04
  -3.160000e-01    1.145365e+04    1.145365e+04    9.765625e-04
  -3.152000e-01    1.144563e+04    1.144563e+04    9.765625e-04
  -3.144000e-01    1.143763e+04    1.143763e+04    0.000000e+00
  -3.136000e-01    1.142964e+04    1.142964e+04    0.000000e+00
  -3.128000e-01    1.142166e+04    1.142167e+04    1.953125e-03
  -3.120000e-01    1.141370e+04    1.141370e+04    9.765625e-04
  -3.112000e-01    1.140576e+04    1.140575e+04    1.953125e-03
  -3.104000e-01    1.139782e+04    1.139782e+04    0.000000e+00
  -3.096000e-01    1.138990e+04    1.138990e+04    0.000000e+00
  -3.088000e-01    1.138199e+04    1.138199e+04    0.000000e+00
  -3.080000e-01    1.137409e+04    1.137409e+04    0.000000e+00
  -3.072000e-01    1.136621e+04    1.136621e+04    9.765625e-04
  -3.064000e-01    1.135834e+04    1.135834e+04    9.765625e-04
  -3.056000e-01    1.135048e+04    1.135048e+04    0.000000e+00
  -3.048000e-01    1.134264e+04    1.134264e+04    0.000000e+00
  -3.040000e-01    1.133481e+04    1.133481e+04    0.000000e+00
  -3.032000e-01    1.132700e+04    1.132700e+04    9.765625e-04
  -3.024000e-01    1.131919e+04    1.131919e+04    0.000000e+00
  -3.016000e-01    1.131141e+04    1.131141e+04    0.000000e+00
  -3.008000e-01    1.130363e+04    1.130363e+04    0.000000e+00
  -3.000000e-01    1.129587e+04    1.129587e+04    0.000000e+00
  -2.992000e-01    1.128812e+04    1.128812e+04    0.000000e+00
  -2.984000e-01    1.128038e+04    1.128038e+04    0.000000e+00
  -2.976000e-01    1.127266e+04    1.127266e+04    9.765625e-04
  -2.968000e-01    1.126495e+04    1.126495e+04    9.765625e-04
  -2.960000e-01    1.125725e+04    1.125725e+04    9.765625e-04
  -2.952000e-01    1.124957e+04    1.124957e+04    0.000000e+00
  -2.944000e-01    1.124190e+04    1.124190e+04    0.000000e+00
  -2.936000e-01    1.123425e+04    1.123424e+04    1.953125e-03
  -2.928000e-01    1.122660e+04    1.122660e+04    9.765625e-04
  -2.920000e-01    1.121897e+04    1.121897e+04    0.000000e+00
  -2.912000e-01    1.121135e+04    1.121135e+04    9.765625e-04
  -2.904000e-01    1.120375e+04    1.120375e+04    9.765625e-04
  -2.896000e-01    1.119616e+04    1.119616e+04    9.765625e-04
  -2.888000e-01    1.118858e+04    1.118858e+04    0.000000e+00
  -2.880000e-01    1.118102e+04    1.118102e+04    0.000000e+00
  -2.872000e-01    1.117347e+04    1.117347e+04    1.953125e-03
  -2.864000e-01    1.116593e+04    1.116593e+04    9.765625e-04
  -2.856000e-01    1.115840e+04    1.115840e+04    0.000000e+00
  -2.848000e-01    1.115089e+04    1.115089e+04    0.000000e+00
  -2.840000e-01    1.114339e+04    1.114339e+04    0.000000e+00
  -2.832000e-01    1.113591e+04    1.113591e+04    0.000000e+00
  -2.824000e-01    1.112844e+04    1.112844e+04    9.765625e-04
  -2.816000e-01    1.112098e+04    1.112098e+04    9.765625e-04
  -2.808000e-01    1.111353e+04    1.111353e+04    0.000000e+00
  -2.800000e-01    1.110610e+04    1.110610e+04    9.765625e-04
  -2.792000e-01    1.109868e+04    1.109868e+04    0.000000e+00
  -2.784000e-01    1.109127e+04    1.109128e+04    9.765625e-04
  -2.776000e-01    1.108388e+04    1.108388e+04    9.765625e-04
  -2.768000e-01    1.107650e+04    1.107650e+04    0.000000e+00
  -2.760000e-01    1.106913e+04    1.106914e+04    1.953125e-03
  -2.752000e-01    1.106178e+04    1.106178e+04    0.000000e+00
  -2.744000e-01    1.105444e+04    1.105444e+04    9.765625e-04
  -2.736000e-01    1.104712e+04    1.104711e+04    9.765625e-04
  -2.728000e-01    1.103980e+04    1.103980e+04    9.765625e-04
  -2.720000e-01    1.103250e+04    1.103250e+04    9.765625e-04
  -2.712000e-01    1.102521e+04    1.102521e+04    9.765625e-04
  -2.704000e-01    1.101794e+04    1.101794e+04    9.765625e-04
  -2.696000e-01    1.101067e+04    1.101067e+04    0.000000e+00
  -2.688000e-01    1.100343e+04    1.100343e+04    0.000000e+00
  -2.680000e-01    1.099619e+04    1.099619e+04    9.765625e-04
  -2.672000e-01    1.098897e+04    1.098897e+04    0.000000e+00
  -2.664000e-01    1.098176e+04    1.098176e+04    9.765625e-04
  -2.656000e-01    1.097456e+04    1.097456e+04    0.000000e+00
  -2.648000e-01    1.096738e+04    1.096738e+04    0.000000e+00
  -2.640000e-01    1.096021e+04    1.096021e+04    0.000000e+00
  -2.632000e-01    1.095305e+04    1.095305e+04    0.000000e+00
  -2.624000e-01    1.094590e+04    1.094590e+04    9.765625e-04
  -2.616000e-01    1.093877e+04    1.093877e+04    1.953125e-03
  -2.608000e-01    1.093165e+04    1.093165e+04    0.000000e+00
  -2.600000e-01    1.092455e+04    1.092455e+04    0.000000e+00
  -2.592000e-01    1.091746e+04    1.091746e+04    9.765625e-04
  -2.584000e-01    1.091038e+04    1.091038e+04    9.765625e-04
  -2.576000e-01    1.090331e+04    1.090331e+04    0.000000e+00
  -2.568000e-01    1.089626e+04    1.089626e+04    0.000000e+00
  -2.560000e-01    1.088922e+04    1.088921e+04    9.765625e-04
  -2.552000e-01    1.088219e+04    1.088219e+04    9.765625e-04
  -2.544000e-01    1.087517e+04    1.087517e+04    9.765625e-04
  -2.536000e-01    1.086817e+04    1.086817e+04    0.000000e+00
  -2.528000e-01    1.086118e+04    1.086118e+04    0.000000e+00
  -2.520000e-01    1.085421e+04    1.085421e+04    9.765625e-04
  -2.512000e-01    1.084725e+04    1.084724e+04    9.765625e-04
  -2.504000e-01    1.084029e+04    1.084029e+04    0.000000e+00
  -2.496000e-01    1.083336e+04    1.083336e+04    0.000000e+00
  -2.488000e-01    1.082643e+04    1.082643e+04    0.000000e+00
  -2.480000e-01    1.081952e+04    1.081952e+04    9.765625e-04
  -2.472000e-01    1.081262e+04    1.081262e+04    0.000000e+00
  -2.464000e-01    1.080574e+04    1.080574e+04    0.000000e+00
  -2.456000e-01    1.079886e+04    1.079887e+04    9.765625e-04
  -2.448000e-01    1.079200e+04    1.079200e+04    0.000000e+00
  -2.440000e-01    1.078516e+04    1.078516e+04    0.000000e+00
  -2.432000e-01    1.077832e+04    1.077832e+04    0.000000e+00
  -2.424000e-01    1.077150e+04    1.077150e+04    0.000000e+00
  -2.416000e-01    1.076469e+04    1.076470e+04    9.765625e-04
  -2.408000e-01    1.075790e+04    1.075790e+04    0.000000e+00
  -2.400000e-01    1.075112e+04    1.075112e+04    0.000000e+00
  -2.392000e-01    1.074435e+04    1.074435e+04    9.765625e-04
  -2.384000e-01    1.073759e+04    1.073759e+04    9.765625e-04
  -2.376000e-01    1.073085e+04    1.073085e+04    9.765625e-04
  -2.368000e-01    1.072412e+04    1.072412e+04    9.765625e-04
  -2.360000e-01    1.071740e+04    1.071740e+04    9.765625e-04
  -2.352000e-01    1.071069e+04    1.071069e+04    0.000000e+00
  -2.344000e-01    1.070400e+04    1.070400e+04    9.765625e-04
  -2.336000e-01    1.069732e+04    1.069732e+04    9.765625e-04
  -2.328000e-01    1.069065e+04    1.069065e+04    9.765625e-04
  -2.320000e-01    1.068400e+04    1.068400e+04    0.000000e+00
  -2.312000e-01    1.067736e+04    1.067736e+04    0.000000e+00
  -2.304000e-01    1.067073e+04    1.067073e+04    0.000000e+00
  -2.296000e-01    1.066411e+04    1.066411e+04    0.000000e+00
  -2.288000e-01    1.065751e+04    1.065751e+04    0.000000e+00
  -2.280000e-01    1.065092e+04    1.065092e+04    0.000000e+00
  -2.272000e-01    1.064434e+04    1.064434e+04    9.765625e-04
  -2.264000e-01    1.063777e+04    1.063777e+04    9.765625e-04
  -2.256000e-01    1.063122e+04    1.063122e+04    0.000000e+00
  -2.248000e-01    1.062468e+04    1.062468e+04    0.000000e+00
  -2.240000e-01    1.061816e+04    1.061815e+04    9.765625e-04
  -2.232000e-01    1.061164e+04    1.061164e+04    0.000000e+00
  -2.224000e-01    1.060514e+04    1.060514e+04    9.765625e-04
  -2.216000e-01    1.059865e+04    1.059865e+04    9.765625e-04
  -2.208000e-01    1.059217e+04    1.059217e+04    9.765625e-04
  -2.200000e-01    1.058571e+04    1.058571e+04    9.765625e-04
  -2.192000e-01    1.057926e+04    1.057926e+04    0.000000e+00
  -2.184000e-01    1.057282e+04    1.057282e+04    0.000000e+00
  -2.176000e-01    1.056640e+04    1.056640e+04    0.000000e+00
  -2.168000e-01    1.055998e+04    1.055998e+04    0.000000e+00
  -2.160000e-01    1.055358e+04    1.055358e+04    0.000000e+00
  -2.152000e-01    1.054719e+04    1.054719e+04    0.000000e+00
  -2.144000e-01    1.054082e+04    1.054082e+04    9.765625e-04
  -2.136000e-01    1.053446e+04    1.053446e+04    0.000000e+00
  -2.128000e-01    1.052811e+04    1.052811e+04    0.000000e+00
  -2.120000e-01    1.052177e+04    1.052177e+04    0.000000e+00
  -2.112000e-01    1.051545e+04    1.051545e+04    9.765625e-04
  -2.104000e-01    1.050913e+04    1.050913e+04    0.000000e+00
  -2.096000e-01    1.050283e+04    1.050283e+04    9.765625e-04
  -2.088000e-01    1.049655e+04    1.049655e+04    9.765625e-04
  -2.080000e-01    1.049027e+04    1.049027e+04    9.765625e-04
  -2.072000e-01    1.048401e+04    1.048401e+04    9.765625e-04
  -2.064000e-01    1.047776e+04    1.047776e+04    0.000000e+00
  -2.056000e-01    1.047153e+04    1.047153e+04    0.000000e+00
  -2.048000e-01    1.046530e+04    1.046530e+04    9.765625e-04
  -2.040000e-01    1.045909e+04    1.045909e+04    0.000000e+00
  -2.032000e-01    1.045289e+04    1.045289e+04    0.000000e+00
  -2.024000e-01    1.044671e+04    1.044671e+04    9.765625e-04
  -2.016000e-01    1.044053e+04    1.044053e+04    9.765625e-04
  -2.008000e-01    1.043437e+04    1.043437e+04    9.765625e-04
  -2.000000e-01    1.042822e+04    1.042822e+04    9.765625e-04
  -1.992000e-01    1.042208e+04    1.042208e+04    0.000000e+00
  -1.984000e-01    1.041596e+04    1.041596e+04    0.000000e+00
  -1.976000e-01    1.040985e+04    1.040985e+04    0.000000e+00
  -1.968000e-01    1.040375e+04    1.040375e+04    9.765625e-04
  -1.960000e-01    1.039767e+04    1.039766e+04    9.765625e-04
  -1.952000e-01    1.039159e+04    1.039159e+04    9.765625e-04
  -1.944000e-01    1.038553e+04    1.038553e+04    0.000000e+00
  -1.936000e-01    1.037948e+04    1.037948e+04    9.765625e-04
  -1.928000e-01    1.037344e+04    1.037344e+04    0.000000e+00
  -1.920000e-01    1.036742e+04    1.036742e+04    9.765625e-04
  -1.912000e-01    1.036141e+04    1.036141e+04    0.000000e+00
  -1.904000e-01    1.035541e+04    1.035541e+04    9.765625e-04
  -1.896000e-01    1.034942e+04    1.034942e+04    0.000000e+00
  -1.888000e-01    1.034344e+04    1.034345e+04    9.765625e-04
  -1.880000e-01    1.033748e+04    1.033748e+04    0.000000e+00
  -1.872000e-01    1.033153e+04    1.033153e+04    0.000000e+00
  -1.864000e-01    1.032560e+04    1.032560e+04    9.765625e-04
  -1.856000e-01    1.031967e+04    1.031967e+04    9.765625e-04
  -1.848000e-01    1.031376e+04    1.031376e+04    9.765625e-04
  -1.840000e-01    1.030786e+04    1.030786e+04    9.765625e-04
  -1.832000e-01    1.030197e+04    1.030197e+04    0.000000e+00
  -1.824000e-01    1.029609e+04    1.029609e+04    9.765625e-04
  -1.816000e-01    1.029023e+04    1.029023e+04    0.000000e+00
  -1.808000e-01    1.028438e+04    1.028438e+04    9.765625e-04
  -1.800000e-01    1.027854e+04    1.027854e+04    9.765625e-04
  -1.792000e-01    1.027271e+04    1.027271e+04    0.000000e+00
  -1.784000e-01    1.026690e+04    1.026690e+04    1.953125e-03
  -1.776000e-01    1.026110e+04    1.026110e+04    9.765625e-04
  -1.768000e-01    1.025531e+04    1.025531e+04    0.000000e+00
  -1.760000e-01    1.024953e+04    1.024953e+04    9.765625e-04
  -1.752000e-01    1.024376e+04    1.024376e+04    0.000000e+00
  -1.744000e-01    1.023801e+04    1.023801e+04    9.765625e-04
  -1.736000e-01    1.023227e+04    1.023227e+04    0.000000e+00
  -1.728000e-01    1.022654e+04    1.022654e+04    0.000000e+00
  -1.720000e-01    1.022083e+04    1.022083e+04    0.000000e+00
  -1.712000e-01    1.021512e+04    1.021512e+04    0.000000e+00
  -1.704000e-01    1.020943e+04    1.020943e+04    9.765625e-04
  -1.696000e-01    1.020375e+04    1.020375e+04    0.000000e+00
  -1.688000e-01    1.019808e+04    1.019808e+04    9.765625e-04
  -1.680000e-01    1.019243e+04    1.019243e+04    9.765625e-04
  -1.672000e-01    1.018679e+04    1.018679e+04    0.000000e+00
  -1.664000e-01    1.018115e+04    1.018115e+04    0.000000e+00
  -1.656000e-01    1.017554e+04    1.017554e+04    0.000000e+00
  -1.648000e-01    1.016993e+04    1.016993e+04    0.000000e+00
  -1.640000e-01    1.016433e+04    1.016433e+04    9.765625e-04
  -1.632000e-01    1.015875e+04    1.015875e+04    1.953125e-03
  -1.624000e-01    1.015318e+04    1.015318e+04    0.000000e+00
  -1.616000e-01    1.014762e+04    1.014762e+04    0.000000e+00
  -1.608000e-01    1.014208e+04    1.014208e+04    0.000000e+00
  -1.600000e-01    1.013654e+04    1.013654e+04    9.765625e-04
  -1.592000e-01    1.013102e+04    1.013102e+04    9.765625e-04
  -1.584000e-01    1.012551e+04    1.012551e+04    9.765625e-04
  -1.576000e-01    1.012002e+04    1.012002e+04    0.000000e+00
  -1.568000e-01    1.011453e+04    1.011453e+04    0.000000e+00
  -1.560000e-01    1.010906e+04    1.010906e+04    0.000000e+00
  -1.552000e-01    1.010360e+04    1.010360e+04    9.765625e-04
  -1.544000e-01    1.009815e+04    1.009815e+04    9.765625e-04
  -1.536000e-01    1.009271e+04    1.009271e+04    1.953125e-03
  -1.528000e-01    1.008729e+04    1.008728e+04    9.765625e-04
  -1.520000e-01    1.008187e+04    1.008187e+04    9.765625e-04
  -1.512000e-01    1.007647e+04    1.007647e+04    0.000000e+00
  -1.504000e-01    1.007108e+04    1.007108e+04    9.765625e-04
  -1.496000e-01    1.006571e+04    1.006570e+04    9.765625e-04
  -1.488000e-01    1.006034e+04    1.006034e+04    0.000000e+00
  -1.480000e-01    1.005499e+04    1.005499e+04    9.765625e-04
  -1.472000e-01    1.004964e+04    1.004964e+04    9.765625e-04
  -1.464000e-01    1.004431e+04    1.004432e+04    9.765625e-04
  -1.456000e-01    1.003900e+04    1.003900e+04    0.000000e+00
  -1.448000e-01    1.003369e+04    1.003369e+04    9.765625e-04
  -1.440000e-01    1.002840e+04    1.002840e+04    0.000000e+00
  -1.432000e-01    1.002312e+04    1.002312e+04    0.000000e+00
  -1.424000e-01    1.001785e+04    1.001785e+04    9.765625e-04
  -1.416000e-01    1.001259e+04    1.001259e+04    1.953125e-03
  -1.408000e-01    1.000735e+04    1.000735e+04    0.000000e+00
  -1.400000e-01    1.000211e+04    1.000211e+04    0.000000e+00
  -1.392000e-01    9.996890e+03    9.996891e+03    9.765625e-04
  -1.384000e-01    9.991680e+03    9.991680e+03    0.000000e+00
  -1.376000e-01    9.986481e+03    9.986482e+03    9.765625e-04
  -1.368000e-01    9.981295e+03    9.981296e+03    9.765625e-04
  -1.360000e-01    9.976122e+03    9.976122e+03    0.000000e+00
  -1.352000e-01    9.970958e+03    9.970959e+03    9.765625e-04
  -1.344000e-01    9.965809e+03    9.965809e+03    0.000000e+00
  -1.336000e-01    9.960670e+03    9.960670e+03    0.000000e+00
  -1.328000e-01    9.955542e+03    9.955542e+03    0.000000e+00
  -1.320000e-01    9.950427e+03    9.950428e+03    9.765625e-04
  -1.312000e-01    9.945323e+03    9.945324e+03    9.765625e-04
  -1.304000e-01    9.940233e+03    9.940232e+03    9.765625e-04
  -1.296000e-01    9.935152e+03    9.935152e+03    0.000000e+00
  -1.288000e-01    9.930084e+03    9.930084e+03    0.000000e+00
  -1.280000e-01    9.925027e+03    9.925028e+03    9.765625e-04
  -1.272000e-01    9.919983e+03    9.919983e+03    0.000000e+00
  -1.264000e-01    9.914950e+03    9.914950e+03    0.000000e+00
  -1.256000e-01    9.909930e+03    9.909930e+03    0.000000e+00
  -1.248000e-01    9.904920e+03    9.904920e+03    0.000000e+00
  -1.240000e-01    9.899922e+03    9.899923e+03    9.765625e-04
  -1.232000e-01    9.894937e+03    9.894937e+03    0.000000e+00
  -1.224000e-01    9.889963e+03    9.889963e+03    0.000000e+00
  -1.216000e-01    9.885001e+03    9.885000e+03    9.765625e-04
  -1.208000e-01    9.880050e+03    9.880049e+03    9.765625e-04
  -1.200000e-01    9.875109e+03    9.875110e+03    9.765625e-04
  -1.192000e-01    9.870182e+03    9.870183e+03    9.765625e-04
  -1.184000e-01    9.865266e+03    9.865267e+03    9.765625e-04
  -1.176000e-01    9.860362e+03    9.860362e+03    0.000000e+00
  -1.168000e-01    9.855470e+03    9.855470e+03    0.000000e+00
  -1.160000e-01    9.850589e+03    9.850589e+03    0.000000e+00
  -1.152000e-01    9.845720e+03    9.845720e+03    0.000000e+00
  -1.144000e-01    9.840862e+03    9.840862e+03    0.000000e+00
  -1.136000e-01    9.836016e+03    9.836017e+03    9.765625e-04
  -1.128000e-01    9.831183e+03    9.831182e+03    9.765625e-04
  -1.120000e-01    9.826359e+03    9.826359e+03    0.000000e+00
  -1.112000e-01    9.821548e+03    9.821548e+03    0.000000e+00
  -1.104000e-01    9.816748e+03    9.816748e+03    0.000000e+00
  -1.096000e-01    9.811960e+03    9.811960e+03    0.000000e+00
  -1.088000e-01    9.807183e+03    9.807184e+03    9.765625e-04
  -1.080000e-01    9.802419e+03    9.802418e+03    9.765625e-04
  -1.072000e-01    9.797665e+03    9.797665e+03    0.000000e+00
  -1.064000e-01    9.792922e+03    9.792923e+03    9.765625e-04
  -1.056000e-01    9.788191e+03    9.788192e+03    9.765625e-04
  -1.048000e-01    9.783473e+03    9.783474e+03    9.765625e-04
  -1.040000e-01    9.778766e+03    9.778766e+03    0.000000e+00
  -1.032000e-01    9.774070e+03    9.774070e+03    0.000000e+00
  -1.024000e-01    9.769385e+03    9.769386e+03    9.765625e-04
  -1.016000e-01    9.764713e+03    9.764712e+03    9.765625e-04
  -1.008000e-01    9.760051e+03    9.760051e+03    0.000000e+00
  -9.999999e-02    9.755399e+03    9.755400e+03    9.765625e-04
  -9.919998e-02    9.750762e+03    9.750762e+03    0.000000e+00
  -9.840000e-02    9.746135e+03    9.746135e+03    0.000000e+00
  -9.759998e-02    9.741520e+03    9.741519e+03    9.765625e-04
  -9.680000e-02    9.736914e+03    9.736914e+03    0.000000e+00
  -9.599999e-02    9.732320e+03    9.732321e+03    9.765625e-04
  -9.520000e-02    9.727739e+03    9.727739e+03    0.000000e+00
  -9.439999e-02    9.723170e+03    9.723169e+03    9.765625e-04
  -9.360000e-02    9.718610e+03    9.718610e+03    0.000000e+00
  -9.279999e-02    9.714063e+03    9.714062e+03    9.765625e-04
  -9.199998e-02    9.709527e+03    9.709526e+03    9.765625e-04
  -9.119999e-02    9.705002e+03    9.705002e+03    0.000000e+00
  -9.039998e-02    9.700488e+03    9.700488e+03    0.000000e+00
  -8.960000e-02    9.695985e+03    9.695986e+03    9.765625e-04
  -8.879998e-02    9.691495e+03    9.691495e+03    0.000000e+00
  -8.800000e-02    9.687016e+03    9.687016e+03    0.000000e+00
  -8.719999e-02    9.682547e+03    9.682547e+03    0.000000e+00
  -8.640000e-02    9.678091e+03    9.678091e+03    0.000000e+00
  -8.559999e-02    9.673645e+03    9.673645e+03    0.000000e+00
  -8.480000e-02    9.669211e+03    9.669210e+03    9.765625e-04
  -8.399999e-02    9.664787e+03    9.664787e+03    0.000000e+00
  -8.319998e-02    9.660375e+03    9.660375e+03    0.000000e+00
  -8.239999e-02    9.655974e+03    9.655975e+03    9.765625e-04
  -8.159998e-02    9.651584e+03    9.651585e+03    9.765625e-04
  -8.080000e-02    9.647207e+03    9.647207e+03    0.000000e+00
  -7.999998e-02    9.642840e+03    9.642840e+03    0.000000e+00
  -7.920000e-02    9.638483e+03    9.638483e+03    0.000000e+00
  -7.839999e-02    9.634139e+03    9.634139e+03    0.000000e+00
  -7.760000e-02    9.629806e+03    9.629806e+03    0.000000e+00
  -7.679999e-02    9.625483e+03    9.625483e+03    0.000000e+00
  -7.600001e-02    9.621173e+03    9.621172e+03    9.765625e-04
  -7.519999e-02    9.616873e+03    9.616872e+03    9.765625e-04
  -7.439998e-02    9.612584e+03    9.612583e+03    9.765625e-04
  -7.359999e-02    9.608306e+03    9.608306e+03    0.000000e+00
  -7.279998e-02    9.604039e+03    9.604039e+03    0.000000e+00
  -7.200000e-02    9.599783e+03    9.599783e+03    0.000000e+00
  -7.119998e-02    9.595539e+03    9.595539e+03    0.000000e+00
  -7.040000e-02    9.591307e+03    9.591306e+03    9.765625e-04
  -6.959999e-02    9.587083e+03    9.587083e+03    0.000000e+00
  -6.880000e-02    9.582873e+03    9.582872e+03    9.765625e-04
  -6.799999e-02    9.578672e+03    9.578672e+03    0.000000e+00
  -6.719998e-02    9.574482e+03    9.574483e+03    9.765625e-04
  -6.639999e-02    9.570305e+03    9.570305e+03    0.000000e+00
  -6.559998e-02    9.566139e+03    9.566138e+03    9.765625e-04
  -6.479999e-02    9.561982e+03    9.561982e+03    0.000000e+00
  -6.399998e-02    9.557837e+03    9.557837e+03    0.000000e+00
  -6.320000e-02    9.553703e+03    9.553703e+03    0.000000e+00
  -6.239998e-02    9.549581e+03    9.549580e+03    9.765625e-04
  -6.160000e-02    9.545469e+03    9.545469e+03    0.000000e+00
  -6.079999e-02    9.541368e+03    9.541367e+03    9.765625e-04
  -6.000000e-02    9.537278e+03    9.537277e+03    9.765625e-04
  -5.919999e-02    9.533198e+03    9.533198e+03    0.000000e+00
  -5.839998e-02    9.529130e+03    9.529130e+03    0.000000e+00
  -5.759999e-02    9.525074e+03    9.525073e+03    9.765625e-04
  -5.679998e-02    9.521026e+03    9.521026e+03    0.000000e+00
  -5.599999e-02    9.516992e+03    9.516991e+03    9.765625e-04
  -5.519998e-02    9.512967e+03    9.512967e+03    0.000000e+00
  -5.440000e-02    9.508952e+03    9.508953e+03    9.765625e-04
  -5.359998e-02    9.504949e+03    9.504950e+03    9.765625e-04
  -5.280000e-02    9.500959e+03    9.500958e+03    9.765625e-04
  -5.199999e-02    9.496978e+03    9.496978e+03    0.000000e+00
  -5.120000e-02    9.493008e+03    9.493007e+03    9.765625e-04
  -5.039999e-02    9.489049e+03    9.489048e+03    9.765625e-04
  -4.959998e-02    9.485100e+03    9.485100e+03    0.000000e+00
  -4.879999e-02    9.481161e+03    9.481162e+03    9.765625e-04
  -4.799998e-02    9.477235e+03    9.477234e+03    9.765625e-04
  -4.719999e-02    9.473318e+03    9.473318e+03    0.000000e+00
  -4.639998e-02    9.469414e+03    9.469413e+03    9.765625e-04
  -4.560000e-02    9.465519e+03    9.465519e+03    0.000000e+00
  -4.479998e-02    9.461636e+03    9.461635e+03    9.765625e-04
  -4.400000e-02    9.457762e+03    9.457763e+03    9.765625e-04
  -4.319999e-02    9.453899e+03    9.453900e+03    9.765625e-04
  -4.240000e-02    9.450049e+03    9.450049e+03    0.000000e+00
  -4.159999e-02    9.446207e+03    9.446208e+03    9.765625e-04
  -4.079998e-02    9.442377e+03    9.442378e+03    9.765625e-04
  -3.999999e-02    9.438559e+03    9.438559e+03    0.000000e+00
  -3.919998e-02    9.434750e+03    9.434749e+03    9.765625e-04
  -3.839999e-02    9.430951e+03    9.430951e+03    0.000000e+00
  -3.759998e-02    9.427164e+03    9.427164e+03    0.000000e+00
  -3.680000e-02    9.423388e+03    9.423388e+03    0.000000e+00
  -3.599998e-02    9.419621e+03    9.419621e+03    0.000000e+00
  -3.520000e-02    9.415866e+03    9.415866e+03    0.000000e+00
  -3.439999e-02    9.412121e+03    9.412121e+03    0.000000e+00
  -3.360000e-02    9.408388e+03    9.408387e+03    9.765625e-04
  -3.279999e-02    9.404663e+03    9.404664e+03    9.765625e-04
  -3.199998e-02    9.400951e+03    9.400950e+03    9.765625e-04
  -3.119999e-02    9.397249e+03    9.397248e+03    9.765625e-04
  -3.039998e-02    9.393556e+03    9.393557e+03    9.765625e-04
  -2.959999e-02    9.389876e+03    9.389875e+03    9.765625e-04
  -2.879998e-02    9.386205e+03    9.386205e+03    0.000000e+00
  -2.800000e-02    9.382544e+03    9.382545e+03    9.765625e-04
  -2.719998e-02    9.378895e+03    9.378895e+03    0.000000e+00
  -2.640000e-02    9.375255e+03    9.375256e+03    9.765625e-04
  -2.559999e-02    9.371626e+03    9.371627e+03    9.765625e-04
  -2.480000e-02    9.368011e+03    9.368010e+03    9.765625e-04
  -2.399999e-02    9.364402e+03    9.364402e+03    0.000000e+00
  -2.319998e-02    9.360805e+03    9.360805e+03    0.000000e+00
  -2.239999e-02    9.357219e+03    9.357218e+03    9.765625e-04
  -2.159998e-02    9.353642e+03    9.353642e+03    0.000000e+00
  -2.079999e-02    9.350076e+03    9.350076e+03    0.000000e+00
  -1.999998e-02    9.346522e+03    9.346521e+03    9.765625e-04
  -1.920000e-02    9.342977e+03    9.342977e+03    0.000000e+00
  -1.839998e-02    9.339442e+03    9.339441e+03    9.765625e-04
  -1.760000e-02    9.335918e+03    9.335918e+03    0.000000e+00
  -1.679999e-02    9.332404e+03    9.332404e+03    0.000000e+00
  -1.600000e-02    9.328901e+03    9.328901e+03    0.000000e+00
  -1.519999e-02    9.325408e+03    9.325408e+03    0.000000e+00
  -1.439998e-02    9.321926e+03    9.321926e+03    0.000000e+00
  -1.359999e-02    9.318453e+03    9.318453e+03    0.000000e+00
  -1.279998e-02    9.314992e+03    9.314991e+03    9.765625e-04
  -1.199999e-02    9.311539e+03    9.311540e+03    9.765625e-04
  -1.119998e-02    9.308100e+03    9.308099e+03    9.765625e-04
  -1.040000e-02    9.304668e+03    9.304668e+03    0.000000e+00
  -9.599984e-03    9.301247e+03    9.301248e+03    9.765625e-04
  -8.800000e-03    9.297838e+03    9.297838e+03    0.000000e+00
  -7.999986e-03    9.294438e+03    9.294438e+03    0.000000e+00
  -7.199973e-03    9.291047e+03    9.291048e+03    9.765625e-04
  -6.399989e-03    9.287669e+03    9.287668e+03    9.765625e-04
  -5.599976e-03    9.284300e+03    9.284299e+03    9.765625e-04
  -4.799992e-03    9.280939e+03    9.280939e+03    0.000000e+00
  -3.999978e-03    9.277591e+03    9.277591e+03    0.000000e+00
  -3.199995e-03    9.274252e+03    9.274253e+03    9.765625e-04
  -2.399981e-03    9.270924e+03    9.270924e+03    0.000000e+00
  -1.599997e-03    9.267606e+03    9.267605e+03    9.765625e-04
  -7.999837e-04    9.264298e+03    9.264298e+03    0.000000e+00
   0.000000e+00    9.261000e+03    9.261000e+03    0.000000e+00
   8.000135e-04    9.257712e+03    9.257712e+03    0.000000e+00
   1.600027e-03    9.254435e+03    9.254435e+03    0.000000e+00
   2.400011e-03    9.251167e+03    9.251167e+03    0.000000e+00
   3.200024e-03    9.247910e+03    9.247910e+03    0.000000e+00
   4.000008e-03    9.244663e+03    9.244663e+03    0.000000e+00
   4.800022e-03    9.241426e+03    9.241426e+03    0.000000e+00
   5.600005e-03    9.238198e+03    9.238198e+03    0.000000e+00
   6.400019e-03    9.234981e+03    9.234981e+03    0.000000e+00
   7.200003e-03    9.231775e+03    9.231774e+03    9.765625e-04
   8.000016e-03    9.228578e+03    9.228578e+03    0.000000e+00
   8.800000e-03    9.225391e+03    9.225391e+03    0.000000e+00
   9.600013e-03    9.222214e+03    9.222214e+03    0.000000e+00
   1.040003e-02    9.219047e+03    9.219047e+03    0.000000e+00
   1.120001e-02    9.215891e+03    9.215891e+03    0.000000e+00
   1.200002e-02    9.212743e+03    9.212744e+03    9.765625e-04
   1.280001e-02    9.209607e+03    9.209607e+03    0.000000e+00
   1.360002e-02    9.206480e+03    9.206480e+03    0.000000e+00
   1.440001e-02    9.203363e+03    9.203363e+03    0.000000e+00
   1.520002e-02    9.200256e+03    9.200256e+03    0.000000e+00
   1.600000e-02    9.197159e+03    9.197159e+03    0.000000e+00
   1.680002e-02    9.194072e+03    9.194072e+03    0.000000e+00
   1.760000e-02    9.190996e+03    9.190995e+03    9.765625e-04
   1.840001e-02    9.187929e+03    9.187928e+03    9.765625e-04
   1.920003e-02    9.184871e+03    9.184870e+03    9.765625e-04
   2.000001e-02    9.181823e+03    9.181823e+03    0.000000e+00
   2.080002e-02    9.178786e+03    9.178785e+03    9.765625e-04
   2.160001e-02    9.175759e+03    9.175758e+03    9.765625e-04
   2.240002e-02    9.172740e+03    9.172740e+03    0.000000e+00
   2.320001e-02    9.169732e+03    9.169732e+03    0.000000e+00
   2.400002e-02    9.166734e+03    9.166733e+03    9.765625e-04
   2.480000e-02    9.163745e+03    9.163745e+03    0.000000e+00
   2.560002e-02    9.160766e+03    9.160767e+03    9.765625e-04
   2.640000e-02    9.157798e+03    9.157798e+03    0.000000e+00
   2.720001e-02    9.154839e+03    9.154839e+03    0.000000e+00
   2.800003e-02    9.151890e+03    9.151890e+03    0.000000e+00
   2.880001e-02    9.148949e+03    9.148950e+03    9.765625e-04
   2.960002e-02    9.146021e+03    9.146021e+03    0.000000e+00
   3.040001e-02    9.143101e+03    9.143101e+03    0.000000e+00
   3.120002e-02    9.140190e+03    9.140189e+03    9.765625e-04
   3.200001e-02    9.137289e+03    9.137289e+03    0.000000e+00
   3.280002e-02    9.134397e+03    9.134398e+03    9.765625e-04
   3.360000e-02    9.131517e+03    9.131518e+03    9.765625e-04
   3.440002e-02    9.128645e+03    9.128646e+03    9.765625e-04
   3.520003e-02    9.125783e+03    9.125783e+03    0.000000e+00
   3.600001e-02    9.122932e+03    9.122932e+03    0.000000e+00
   3.680003e-02    9.120089e+03    9.120089e+03    0.000000e+00
   3.760001e-02    9.117256e+03    9.117256e+03    0.000000e+00
   3.840002e-02    9.114432e+03    9.114433e+03    9.765625e-04
   3.920001e-02    9.111618e+03    9.111618e+03    0.000000e+00
   4.000002e-02    9.108814e+03    9.108814e+03    0.000000e+00
   4.080001e-02    9.106020e+03    9.106020e+03    0.000000e+00
   4.160002e-02    9.103234e+03    9.103234e+03    0.000000e+00
   4.240000e-02    9.100459e+03    9.100459e+03    0.000000e+00
   4.320002e-02    9.097692e+03    9.097693e+03    9.765625e-04
   4.400003e-02    9.094937e+03    9.094937e+03    0.000000e+00
   4.480001e-02    9.092190e+03    9.092190e+03    0.000000e+00
   4.560003e-02    9.089452e+03    9.089453e+03    9.765625e-04
   4.640001e-02    9.086725e+03    9.086725e+03    0.000000e+00
   4.720002e-02    9.084006e+03    9.084007e+03    9.765625e-04
   4.800001e-02    9.081298e+03    9.081298e+03    0.000000e+00
   4.880002e-02    9.078599e+03    9.078598e+03    9.765625e-04
   4.960001e-02    9.075908e+03    9.075908e+03    0.000000e+00
   5.040002e-02    9.073229e+03    9.073228e+03    9.765625e-04
   5.120000e-02    9.070557e+03    9.070557e+03    0.000000e+00
   5.200002e-02    9.067894e+03    9.067895e+03    9.765625e-04
   5.280003e-02    9.065242e+03    9.065242e+03    0.000000e+00
   5.360001e-02    9.062600e+03    9.062600e+03    0.000000e+00
   5.440003e-02    9.059966e+03    9.059966e+03    0.000000e+00
   5.520001e-02    9.057342e+03    9.057342e+03    0.000000e+00
   5.600002e-02    9.054727e+03    9.054727e+03    0.000000e+00
   5.680001e-02    9.052120e+03    9.052121e+03    9.765625e-04
   5.760002e-02    9.049525e+03    9.049525e+03    0.000000e+00
   5.840001e-02    9.046938e+03    9.046938e+03    0.000000e+00
   5.920002e-02    9.044360e+03    9.044360e+03    0.000000e+00
   6.000000e-02    9.041792e+03    9.041793e+03    9.765625e-04
   6.080002e-02    9.039233e+03    9.039233e+03    0.000000e+00
   6.160003e-02    9.036684e+03    9.036684e+03    0.000000e+00
   6.240001e-02    9.034143e+03    9.034144e+03    9.765625e-04
   6.320003e-02    9.031613e+03    9.031612e+03    9.765625e-04
   6.400001e-02    9.029091e+03    9.029090e+03    9.765625e-04
   6.480002e-02    9.026578e+03    9.026577e+03    9.765625e-04
   6.560001e-02    9.024074e+03    9.024074e+03    0.000000e+00
   6.640002e-02    9.021580e+03    9.021580e+03    0.000000e+00
   6.720001e-02    9.019095e+03    9.019095e+03    0.000000e+00
   6.800002e-02    9.016619e+03    9.016618e+03    9.765625e-04
   6.880000e-02    9.014152e+03    9.014152e+03    0.000000e+00
   6.960002e-02    9.011694e+03    9.011694e+03    0.000000e+00
   7.040003e-02    9.009246e+03    9.009246e+03    0.000000e+00
   7.120001e-02    9.006807e+03    9.006807e+03    0.000000e+00
   7.200003e-02    9.004376e+03    9.004376e+03    0.000000e+00
   7.280001e-02    9.001955e+03    9.001955e+03    0.000000e+00
   7.360002e-02    8.999542e+03    8.999543e+03    9.765625e-04
   7.440001e-02    8.997141e+03    8.997140e+03    9.765625e-04
   7.520002e-02    8.994746e+03    8.994746e+03    0.000000e+00
   7.600001e-02    8.992360e+03    8.992361e+03    9.765625e-04
   7.680002e-02    8.989985e+03    8.989985e+03    0.000000e+00
   7.760000e-02    8.987618e+03    8.987618e+03    0.000000e+00
   7.840002e-02    8.985260e+03    8.985261e+03    9.765625e-04
   7.920003e-02    8.982911e+03    8.982912e+03    9.765625e-04
   8.000001e-02    8.980572e+03    8.980572e+03    0.000000e+00
   8.080003e-02    8.978240e+03    8.978241e+03    9.765625e-04
   8.160001e-02    8.975920e+03    8.975919e+03    9.765625e-04
   8.240002e-02    8.973606e+03    8.973606e+03    0.000000e+00
   8.320001e-02    8.971303e+03    8.971303e+03    0.000000e+00
   8.400002e-02    8.969006e+03    8.969007e+03    9.765625e-04
   8.480000e-02    8.966721e+03    8.966721e+03    0.000000e+00
   8.560002e-02    8.964442e+03    8.964444e+03    1.953125e-03
   8.640000e-02    8.962177e+03    8.962176e+03    9.765625e-04
   8.720002e-02    8.959916e+03    8.959916e+03    0.000000e+00
   8.800003e-02    8.957666e+03    8.957665e+03    9.765625e-04
   8.880001e-02    8.955423e+03    8.955424e+03    9.765625e-04
   8.960003e-02    8.953190e+03    8.953190e+03    0.000000e+00
   9.040001e-02    8.950966e+03    8.950967e+03    9.765625e-04
   9.120002e-02    8.948752e+03    8.948752e+03    0.000000e+00
   9.200001e-02    8.946545e+03    8.946545e+03    0.000000e+00
   9.280002e-02    8.944347e+03    8.944348e+03    9.765625e-04
   9.360000e-02    8.942159e+03    8.942159e+03    0.000000e+00
   9.440002e-02    8.939979e+03    8.939979e+03    0.000000e+00
   9.520003e-02    8.937807e+03    8.937808e+03    9.765625e-04
   9.600002e-02    8.935645e+03    8.935645e+03    0.000000e+00
   9.680003e-02    8.933490e+03    8.933491e+03    9.765625e-04
   9.760001e-02    8.931346e+03    8.931346e+03    0.000000e+00
   9.840003e-02    8.929209e+03    8.929209e+03    0.000000e+00
   9.920001e-02    8.927081e+03    8.927081e+03    0.000000e+00
   9.999999e-02    8.924962e+03    8.924963e+03    9.765625e-04
   1.008000e-01    8.922852e+03    8.922852e+03    0.000000e+00
   1.016000e-01    8.920750e+03    8.920750e+03    0.000000e+00
   1.024000e-01    8.918657e+03    8.918657e+03    0.000000e+00
   1.032000e-01    8.916572e+03    8.916573e+03    9.765625e-04
   1.040000e-01    8.914496e+03    8.914497e+03    9.765625e-04
   1.048000e-01    8.912430e+03    8.912430e+03    0.000000e+00
   1.056000e-01    8.910371e+03    8.910371e+03    0.000000e+00
   1.064000e-01    8.908320e+03    8.908321e+03    9.765625e-04
   1.072000e-01    8.906278e+03    8.906279e+03    9.765625e-04
   1.080000e-01    8.904245e+03    8.904246e+03    9.765625e-04
   1.088000e-01    8.902223e+03    8.902222e+03    9.765625e-04
   1.096000e-01    8.900206e+03    8.900206e+03    0.000000e+00
   1.104000e-01    8.898199e+03    8.898199e+03    0.000000e+00
   1.112000e-01    8.896200e+03    8.896200e+03    0.000000e+00
   1.120000e-01    8.894209e+03    8.894210e+03    9.765625e-04
   1.128000e-01    8.892228e+03    8.892228e+03    0.000000e+00
   1.136000e-01    8.890255e+03    8.890254e+03    9.765625e-04
   1.144000e-01    8.888290e+03    8.888289e+03    9.765625e-04
   1.152000e-01    8.886333e+03    8.886333e+03    0.000000e+00
   1.160000e-01    8.884386e+03    8.884385e+03    9.765625e-04
   1.168000e-01    8.882444e+03    8.882445e+03    9.765625e-04
   1.176000e-01    8.880513e+03    8.880514e+03    9.765625e-04
   1.184000e-01    8.878592e+03    8.878591e+03    9.765625e-04
   1.192000e-01    8.876676e+03    8.876676e+03    0.000000e+00
   1.200000e-01    8.874770e+03    8.874770e+03    0.000000e+00
   1.208000e-01    8.872872e+03    8.872872e+03    0.000000e+00
   1.216000e-01    8.870981e+03    8.870982e+03    9.765625e-04
   1.224000e-01    8.869102e+03    8.869102e+03    0.000000e+00
   1.232000e-01    8.867229e+03    8.867229e+03    0.000000e+00
   1.240000e-01    8.865365e+03    8.865364e+03    9.765625e-04
   1.248000e-01    8.863508e+03    8.863508e+03    0.000000e+00
   1.256000e-01    8.861660e+03    8.861660e+03    0.000000e+00
   1.264000e-01    8.859819e+03    8.859820e+03    9.765625e-04
   1.272000e-01    8.857989e+03    8.857988e+03    9.765625e-04
   1.280000e-01    8.856166e+03    8.856166e+03    0.000000e+00
   1.288000e-01    8.854352e+03    8.854351e+03    9.765625e-04
   1.296000e-01    8.852543e+03    8.852544e+03    9.765625e-04
   1.304000e-01    8.850745e+03    8.850745e+03    0.000000e+00
   1.312000e-01    8.848954e+03    8.848955e+03    9.765625e-04
   1.320000e-01    8.847173e+03    8.847173e+03    0.000000e+00
   1.328000e-01    8.845399e+03    8.845398e+03    9.765625e-04
   1.336000e-01    8.843633e+03    8.843633e+03    0.000000e+00
   1.344000e-01    8.841875e+03    8.841875e+03    0.000000e+00
   1.352000e-01    8.840124e+03    8.840125e+03    9.765625e-04
   1.360000e-01    8.838382e+03    8.838384e+03    1.953125e-03
   1.368000e-01    8.836648e+03    8.836649e+03    9.765625e-04
   1.376000e-01    8.834925e+03    8.834925e+03    0.000000e+00
   1.384000e-01    8.833207e+03    8.833207e+03    0.000000e+00
   1.392000e-01    8.831497e+03    8.831498e+03    9.765625e-04
   1.400000e-01    8.829796e+03    8.829797e+03    9.765625e-04
   1.408000e-01    8.828104e+03    8.828104e+03    0.000000e+00
   1.416000e-01    8.826418e+03    8.826418e+03    0.000000e+00
   1.424000e-01    8.824740e+03    8.824741e+03    9.765625e-04
   1.432000e-01    8.823071e+03    8.823071e+03    0.000000e+00
   1.440000e-01    8.821409e+03    8.821410e+03    9.765625e-04
   1.448000e-01    8.819757e+03    8.819757e+03    0.000000e+00
   1.456000e-01    8.818111e+03    8.818111e+03    0.000000e+00
   1.464000e-01    8.816475e+03    8.816475e+03    0.000000e+00
   1.472000e-01    8.814845e+03    8.814845e+03    0.000000e+00
   1.480000e-01    8.813224e+03    8.813224e+03    0.000000e+00
   1.488000e-01    8.811610e+03    8.811609e+03    9.765625e-04
   1.496000e-01    8.810004e+03    8.810004e+03    0.000000e+00
   1.504000e-01    8.808406e+03    8.808406e+03    0.000000e+00
   1.512000e-01    8.806816e+03    8.806815e+03    9.765625e-04
   1.520000e-01    8.805235e+03    8.805233e+03    1.953125e-03
   1.528000e-01    8.803660e+03    8.803659e+03    9.765625e-04
   1.536000e-01    8.802094e+03    8.802093e+03    9.765625e-04
   1.544000e-01    8.800534e+03    8.800534e+03    0.000000e+00
   1.552000e-01    8.798982e+03    8.798982e+03    0.000000e+00
   1.560000e-01    8.797440e+03    8.797439e+03    9.765625e-04
   1.568000e-01    8.795905e+03    8.795904e+03    9.765625e-04
   1.576000e-01    8.794377e+03    8.794377e+03    0.000000e+00
   1.584000e-01    8.792856e+03    8.792856e+03    0.000000e+00
   1.592000e-01    8.791346e+03    8.791345e+03    9.765625e-04
   1.600000e-01    8.789841e+03    8.789840e+03    9.765625e-04
   1.608000e-01    8.788344e+03    8.788343e+03    9.765625e-04
   1.616000e-01    8.786854e+03    8.786854e+03    9.765625e-04
   1.624000e-01    8.785373e+03    8.785372e+03    9.765625e-04
   1.632000e-01    8.783898e+03    8.783898e+03    0.000000e+00
   1.640000e-01    8.782433e+03    8.782433e+03    0.000000e+00
   1.648000e-01    8.780974e+03    8.780974e+03    0.000000e+00
   1.656000e-01    8.779523e+03    8.779523e+03    0.000000e+00
   1.664000e-01    8.778080e+03    8.778080e+03    0.000000e+00
   1.672000e-01    8.776645e+03    8.776645e+03    0.000000e+00
   1.680000e-01    8.775216e+03    8.775216e+03    0.000000e+00
   1.688000e-01    8.773795e+03    8.773796e+03    9.765625e-04
   1.696000e-01    8.772382e+03    8.772383e+03    9.765625e-04
   1.704000e-01    8.770978e+03    8.770978e+03    0.000000e+00
   1.712000e-01    8.769579e+03    8.769579e+03    0.000000e+00
   1.720000e-01    8.768188e+03    8.768188e+03    0.000000e+00
   1.728000e-01    8.766806e+03    8.766806e+03    0.000000e+00
   1.736000e-01    8.765430e+03    8.765431e+03    9.765625e-04
   1.744000e-01    8.764062e+03    8.764062e+03    0.000000e+00
   1.752000e-01    8.762701e+03    8.762702e+03    9.765625e-04
   1.760000e-01    8.761349e+03    8.761349e+03    0.000000e+00
   1.768000e-01    8.760002e+03    8.760003e+03    9.765625e-04
   1.776000e-01    8.758664e+03    8.758665e+03    9.765625e-04
   1.784000e-01    8.757333e+03    8.757334e+03    9.765625e-04
   1.792000e-01    8.756012e+03    8.756011e+03    9.765625e-04
   1.800000e-01    8.754696e+03    8.754694e+03    1.953125e-03
   1.808001e-01    8.753387e+03    8.753386e+03    9.765625e-04
   1.816000e-01    8.752085e+03    8.752085e+03    0.000000e+00
   1.824000e-01    8.750791e+03    8.750791e+03    0.000000e+00
   1.832000e-01    8.749505e+03    8.749504e+03    9.765625e-04
   1.840000e-01    8.748225e+03    8.748225e+03    0.000000e+00
   1.848000e-01    8.746953e+03    8.746953e+03    0.000000e+00
   1.856000e-01    8.745688e+03    8.745688e+03    9.765625e-04
   1.864000e-01    8.744431e+03    8.744431e+03    0.000000e+00
   1.872000e-01    8.743180e+03    8.743180e+03    0.000000e+00
   1.880000e-01    8.741938e+03    8.741938e+03    0.000000e+00
   1.888000e-01    8.740702e+03    8.740701e+03    9.765625e-04
   1.896000e-01    8.739473e+03    8.739473e+03    0.000000e+00
   1.904000e-01    8.738251e+03    8.738252e+03    9.765625e-04
   1.912000e-01    8.737037e+03    8.737037e+03    0.000000e+00
   1.920000e-01    8.735829e+03    8.735830e+03    9.765625e-04
   1.928000e-01    8.734630e+03    8.734631e+03    9.765625e-04
   1.936000e-01    8.733438e+03    8.733438e+03    0.000000e+00
   1.944000e-01    8.732253e+03    8.732252e+03    9.765625e-04
   1.952000e-01    8.731075e+03    8.731074e+03    9.765625e-04
   1.960000e-01    8.729903e+03    8.729902e+03    9.765625e-04
   1.968000e-01    8.728739e+03    8.728738e+03    9.765625e-04
   1.976000e-01    8.727582e+03    8.727581e+03    9.765625e-04
   1.984001e-01    8.726432e+03    8.726432e+03    0.000000e+00
   1.992000e-01    8.725288e+03    8.725288e+03    0.000000e+00
   2.000000e-01    8.724152e+03    8.724152e+03    0.000000e+00
   2.008000e-01    8.723022e+03    8.723023e+03    9.765625e-04
   2.016000e-01    8.721900e+03    8.721901e+03    9.765625e-04
   2.024000e-01    8.720787e+03    8.720786e+03    9.765625e-04
   2.032000e-01    8.719679e+03    8.719679e+03    0.000000e+00
   2.040000e-01    8.718577e+03    8.718577e+03    0.000000e+00
   2.048000e-01    8.717483e+03    8.717483e+03    0.000000e+00
   2.056000e-01    8.716396e+03    8.716396e+03    9.765625e-04
   2.064000e-01    8.715317e+03    8.715316e+03    9.765625e-04
   2.072000e-01    8.714243e+03    8.714243e+03    0.000000e+00
   2.080000e-01    8.713177e+03    8.713177e+03    0.000000e+00
   2.088000e-01    8.712117e+03    8.712117e+03    0.000000e+00
   2.096000e-01    8.711064e+03    8.711064e+03    0.000000e+00
   2.104000e-01    8.710019e+03    8.710019e+03    0.000000e+00
   2.112000e-01    8.708979e+03    8.708980e+03    9.765625e-04
   2.120000e-01    8.707948e+03    8.707948e+03    0.000000e+00
   2.128000e-01    8.706924e+03    8.706923e+03    9.765625e-04
   2.136000e-01    8.705904e+03    8.705904e+03    0.000000e+00
   2.144000e-01    8.704893e+03    8.704893e+03    0.000000e+00
   2.152000e-01    8.703889e+03    8.703888e+03    9.765625e-04
   2.160001e-01    8.702891e+03    8.702890e+03    9.765625e-04
   2.168000e-01    8.701898e+03    8.701898e+03    0.000000e+00
   2.176000e-01    8.700915e+03    8.700914e+03    9.765625e-04
   2.184000e-01    8.699936e+03    8.699937e+03    9.765625e-04
   2.192000e-01    8.698965e+03    8.698965e+03    0.000000e+00
   2.200000e-01    8.698002e+03    8.698000e+03    1.953125e-03
   2.208000e-01    8.697042e+03    8.697043e+03    9.765625e-04
   2.216000e-01    8.696091e+03    8.696092e+03    9.765625e-04
   2.224000e-01    8.695147e+03    8.695147e+03    0.000000e+00
   2.232001e-01    8.694209e+03    8.694209e+03    0.000000e+00
   2.240000e-01    8.693278e+03    8.693278e+03    0.000000e+00
   2.248000e-01    8.692354e+03    8.692354e+03    0.000000e+00
   2.256000e-01    8.691437e+03    8.691436e+03    9.765625e-04
   2.264000e-01    8.690525e+03    8.690524e+03    9.765625e-04
   2.272000e-01    8.689619e+03    8.689619e+03    0.000000e+00
   2.280000e-01    8.688720e+03    8.688721e+03    9.765625e-04
   2.288000e-01    8.687830e+03    8.687829e+03    9.765625e-04
   2.296000e-01    8.686943e+03    8.686944e+03    9.765625e-04
   2.304000e-01    8.686066e+03    8.686065e+03    9.765625e-04
   2.312000e-01    8.685193e+03    8.685193e+03    0.000000e+00
   2.320000e-01    8.684327e+03    8.684328e+03    9.765625e-04
   2.328000e-01    8.683467e+03    8.683469e+03    1.953125e-03
   2.336001e-01    8.682614e+03    8.682615e+03    9.765625e-04
   2.344000e-01    8.681770e+03    8.681770e+03    0.000000e+00
   2.352000e-01    8.680930e+03    8.680930e+03    0.000000e+00
   2.360000e-01    8.680096e+03    8.680096e+03    0.000000e+00
   2.368000e-01    8.679269e+03    8.679269e+03    0.000000e+00
   2.376000e-01    8.678447e+03    8.678448e+03    9.765625e-04
   2.384000e-01    8.677634e+03    8.677634e+03    0.000000e+00
   2.392000e-01    8.676827e+03    8.676826e+03    9.765625e-04
   2.400000e-01    8.676024e+03    8.676024e+03    0.000000e+00
   2.408001e-01    8.675229e+03    8.675229e+03    0.000000e+00
   2.416000e-01    8.674440e+03    8.674440e+03    0.000000e+00
   2.424000e-01    8.673657e+03    8.673657e+03    0.000000e+00
   2.432000e-01    8.672882e+03    8.672881e+03    9.765625e-04
   2.440000e-01    8.672112e+03    8.672111e+03    9.765625e-04
   2.448000e-01    8.671347e+03    8.671348e+03    9.765625e-04
   2.456000e-01    8.670589e+03    8.670590e+03    9.765625e-04
   2.464000e-01    8.669839e+03    8.669839e+03    0.000000e+00
   2.472000e-01    8.669093e+03    8.669094e+03    9.765625e-04
   2.480000e-01    8.668356e+03    8.668354e+03    1.953125e-03
   2.488000e-01    8.667622e+03    8.667622e+03    0.000000e+00
   2.496000e-01    8.666896e+03    8.666896e+03    0.000000e+00
   2.504000e-01    8.666175e+03    8.666175e+03    0.000000e+00
   2.512001e-01    8.665462e+03    8.665461e+03    9.765625e-04
   2.520000e-01    8.664753e+03    8.664753e+03    0.000000e+00
   2.528000e-01    8.664052e+03    8.664051e+03    9.765625e-04
   2.536000e-01    8.663354e+03    8.663355e+03    9.765625e-04
   2.544000e-01    8.662664e+03    8.662665e+03    9.765625e-04
   2.552000e-01    8.661981e+03    8.661981e+03    0.000000e+00
   2.560000e-01    8.661304e+03    8.661304e+03    0.000000e+00
   2.568000e-01    8.660633e+03    8.660633e+03    0.000000e+00
   2.576000e-01    8.659965e+03    8.659967e+03    1.953125e-03
   2.584001e-01    8.659309e+03    8.659308e+03    9.765625e-04
   2.592000e-01    8.658654e+03    8.658654e+03    0.000000e+00
   2.600000e-01    8.658007e+03    8.658007e+03    0.000000e+00
   2.608000e-01    8.657365e+03    8.657365e+03    0.000000e+00
   2.616000e-01    8.656729e+03    8.656729e+03    0.000000e+00
   2.624000e-01    8.656101e+03    8.656100e+03    9.765625e-04
   2.632000e-01    8.655476e+03    8.655477e+03    9.765625e-04
   2.640000e-01    8.654858e+03    8.654858e+03    0.000000e+00
   2.648000e-01    8.654246e+03    8.654247e+03    9.765625e-04
   2.656001e-01    8.653641e+03    8.653641e+03    0.000000e+00
   2.664000e-01    8.653041e+03    8.653041e+03    0.000000e+00
   2.672000e-01    8.652447e+03    8.652446e+03    9.765625e-04
   2.680000e-01    8.651858e+03    8.651858e+03    0.000000e+00
   2.688001e-01    8.651275e+03    8.651275e+03    0.000000e+00
   2.696000e-01    8.650699e+03    8.650699e+03    0.000000e+00
   2.704000e-01    8.650129e+03    8.650129e+03    0.000000e+00
   2.712000e-01    8.649563e+03    8.649563e+03    0.000000e+00
   2.720000e-01    8.649005e+03    8.649004e+03    9.765625e-04
   2.728000e-01    8.648450e+03    8.648450e+03    0.000000e+00
   2.736000e-01    8.647902e+03    8.647903e+03    9.765625e-04
   2.744000e-01    8.647361e+03    8.647361e+03    0.000000e+00
   2.752000e-01    8.646825e+03    8.646824e+03    9.765625e-04
   2.760001e-01    8.646293e+03    8.646294e+03    9.765625e-04
   2.768000e-01    8.645771e+03    8.645770e+03    9.765625e-04
   2.776000e-01    8.645251e+03    8.645250e+03    9.765625e-04
   2.784000e-01    8.644736e+03    8.644736e+03    0.000000e+00
   2.792000e-01    8.644229e+03    8.644229e+03    0.000000e+00
   2.800000e-01    8.643727e+03    8.643727e+03    0.000000e+00
   2.808000e-01    8.643229e+03    8.643229e+03    0.000000e+00
   2.816000e-01    8.642739e+03    8.642739e+03    0.000000e+00
   2.824000e-01    8.642253e+03    8.642254e+03    9.765625e-04
   2.832001e-01    8.641774e+03    8.641773e+03    9.765625e-04
   2.840000e-01    8.641300e+03    8.641300e+03    0.000000e+00
   2.848000e-01    8.640831e+03    8.640831e+03    0.000000e+00
   2.856000e-01    8.640366e+03    8.640367e+03    9.765625e-04
   2.864000e-01    8.639910e+03    8.639910e+03    0.000000e+00
   2.872000e-01    8.639458e+03    8.639458e+03    0.000000e+00
   2.880000e-01    8.639011e+03    8.639012e+03    9.765625e-04
   2.888000e-01    8.638570e+03    8.638570e+03    0.000000e+00
   2.896000e-01    8.638135e+03    8.638135e+03    0.000000e+00
   2.904000e-01    8.637705e+03    8.637704e+03    9.765625e-04
   2.912000e-01    8.637279e+03    8.637279e+03    0.000000e+00
   2.920000e-01    8.636859e+03    8.636860e+03    9.765625e-04
   2.928000e-01    8.636446e+03    8.636446e+03    0.000000e+00
   2.936001e-01    8.636038e+03    8.636038e+03    0.000000e+00
   2.944000e-01    8.635635e+03    8.635635e+03    0.000000e+00
   2.952000e-01    8.635236e+03    8.635236e+03    0.000000e+00
   2.960000e-01    8.634845e+03    8.634845e+03    0.000000e+00
   2.968000e-01    8.634456e+03    8.634457e+03    9.765625e-04
   2.976000e-01    8.634076e+03    8.634075e+03    9.765625e-04
   2.984000e-01    8.633699e+03    8.633699e+03    0.000000e+00
   2.992000e-01    8.633328e+03    8.633328e+03    0.000000e+00
   3.000000e-01    8.632963e+03    8.632962e+03    9.765625e-04
   3.008001e-01    8.632602e+03    8.632602e+03    0.000000e+00
   3.016000e-01    8.632245e+03    8.632246e+03    9.765625e-04
   3.024000e-01    8.631896e+03    8.631896e+03    9.765625e-04
   3.032000e-01    8.631552e+03    8.631551e+03    9.765625e-04
   3.040000e-01    8.631211e+03    8.631211e+03    0.000000e+00
   3.048000e-01    8.630877e+03    8.630877e+03    0.000000e+00
   3.056000e-01    8.630547e+03    8.630547e+03    0.000000e+00
   3.064000e-01    8.630224e+03    8.630223e+03    9.765625e-04
   3.072000e-01    8.629903e+03    8.629904e+03    9.765625e-04
   3.080000e-01    8.629590e+03    8.629590e+03    0.000000e+00
   3.088000e-01    8.629281e+03    8.629281e+03    0.000000e+00
   3.096000e-01    8.628979e+03    8.628978e+03    9.765625e-04
   3.104000e-01    8.628680e+03    8.628679e+03    9.765625e-04
   3.112001e-01    8.628385e+03    8.628386e+03    9.765625e-04
   3.120000e-01    8.628098e+03    8.628098e+03    0.000000e+00
   3.128000e-01    8.627814e+03    8.627813e+03    9.765625e-04
   3.136000e-01    8.627536e+03    8.627535e+03    9.765625e-04
   3.144000e-01    8.627263e+03    8.627262e+03    9.765625e-04
   3.152000e-01    8.626993e+03    8.626994e+03    9.765625e-04
   3.160000e-01    8.626729e+03    8.626730e+03    9.765625e-04
   3.168000e-01    8.626473e+03    8.626472e+03    9.765625e-04
   3.176000e-01    8.626219e+03    8.626219e+03    0.000000e+00
   3.184001e-01    8.625971e+03    8.625971e+03    0.000000e+00
   3.192000e-01    8.625727e+03    8.625727e+03    0.000000e+00
   3.200000e-01    8.625487e+03    8.625488e+03    9.765625e-04
   3.208000e-01    8.625254e+03    8.625255e+03    9.765625e-04
   3.216000e-01    8.625025e+03    8.625025e+03    0.000000e+00
   3.224000e-01    8.624802e+03    8.624802e+03    0.000000e+00
   3.232000e-01    8.624583e+03    8.624583e+03    0.000000e+00
   3.240000e-01    8.624367e+03    8.624368e+03    9.765625e-04
   3.248000e-01    8.624159e+03    8.624159e+03    0.000000e+00
   3.256001e-01    8.623955e+03    8.623954e+03    9.765625e-04
   3.264000e-01    8.623755e+03    8.623755e+03    0.000000e+00
   3.272000e-01    8.623560e+03    8.623560e+03    0.000000e+00
   3.280000e-01    8.623369e+03    8.623369e+03    0.000000e+00
   3.288001e-01    8.623184e+03    8.623184e+03    0.000000e+00
   3.296000e-01    8.623004e+03    8.623003e+03    9.765625e-04
   3.304000e-01    8.622827e+03    8.622827e+03    0.000000e+00
   3.312000e-01    8.622656e+03    8.622656e+03    0.000000e+00
   3.320000e-01    8.622489e+03    8.622489e+03    0.000000e+00
   3.328000e-01    8.622328e+03    8.622327e+03    9.765625e-04
   3.336000e-01    8.622171e+03    8.622170e+03    9.765625e-04
   3.344000e-01    8.622018e+03    8.622018e+03    0.000000e+00
   3.352000e-01    8.621869e+03    8.621870e+03    9.765625e-04
   3.360001e-01    8.621727e+03    8.621727e+03    0.000000e+00
   3.368000e-01    8.621587e+03    8.621588e+03    9.765625e-04
   3.376000e-01    8.621453e+03    8.621454e+03    9.765625e-04
   3.384000e-01    8.621324e+03    8.621324e+03    0.000000e+00
   3.392000e-01    8.621199e+03    8.621199e+03    0.000000e+00
   3.400000e-01    8.621079e+03    8.621079e+03    0.000000e+00
   3.408000e-01    8.620963e+03    8.620963e+03    0.000000e+00
   3.416000e-01    8.620852e+03    8.620852e+03    0.000000e+00
   3.424000e-01    8.620744e+03    8.620745e+03    9.765625e-04
   3.432001e-01    8.620644e+03    8.620643e+03    9.765625e-04
   3.440000e-01    8.620545e+03    8.620545e+03    0.000000e+00
   3.448000e-01    8.620451e+03    8.620451e+03    0.000000e+00
   3.456000e-01    8.620363e+03    8.620362e+03    9.765625e-04
   3.464001e-01    8.620278e+03    8.620278e+03    0.000000e+00
   3.472000e-01    8.620198e+03    8.620198e+03    0.000000e+00
   3.480000e-01    8.620122e+03    8.620122e+03    0.000000e+00
   3.488000e-01    8.620052e+03    8.620051e+03    9.765625e-04
   3.496000e-01    8.619984e+03    8.619984e+03    0.000000e+00
   3.504000e-01    8.619921e+03    8.619922e+03    9.765625e-04
   3.512000e-01    8.619863e+03    8.619863e+03    0.000000e+00
   3.520000e-01    8.619811e+03    8.619810e+03    9.765625e-04
   3.528000e-01    8.619761e+03    8.619760e+03    9.765625e-04
   3.536001e-01    8.619715e+03    8.619715e+03    0.000000e+00
   3.544000e-01    8.619673e+03    8.619674e+03    9.765625e-04
   3.552000e-01    8.619638e+03    8.619637e+03    9.765625e-04
   3.560000e-01    8.619604e+03    8.619604e+03    0.000000e+00
   3.568000e-01    8.619576e+03    8.619576e+03    0.000000e+00
   3.576000e-01    8.619551e+03    8.619553e+03    1.953125e-03
   3.584000e-01    8.619533e+03    8.619533e+03    0.000000e+00
   3.592000e-01    8.619518e+03    8.619518e+03    0.000000e+00
   3.600000e-01    8.619506e+03    8.619506e+03    0.000000e+00
   3.608001e-01    8.619499e+03    8.619499e+03    0.000000e+00
   3.616000e-01    8.619496e+03    8.619496e+03    0.000000e+00
   3.624000e-01    8.619497e+03    8.619497e+03    0.000000e+00
   3.632000e-01    8.619503e+03    8.619502e+03    9.765625e-04
   3.640001e-01    8.619511e+03    8.619512e+03    9.765625e-04
   3.648000e-01    8.619525e+03    8.619525e+03    0.000000e+00
   3.656000e-01    8.619543e+03    8.619543e+03    0.000000e+00
   3.664000e-01    8.619563e+03    8.619564e+03    9.765625e-04
   3.672000e-01    8.619590e+03    8.619590e+03    0.000000e+00
   3.680000e-01    8.619619e+03    8.619620e+03    9.765625e-04
   3.688000e-01    8.619653e+03    8.619653e+03    0.000000e+00
   3.696000e-01    8.619691e+03    8.619691e+03    0.000000e+00
   3.704000e-01    8.619733e+03    8.619733e+03    0.000000e+00
   3.712001e-01    8.619780e+03    8.619778e+03    1.953125e-03
   3.720000e-01    8.619828e+03    8.619828e+03    0.000000e+00
   3.728000e-01    8.619883e+03    8.619882e+03    9.765625e-04
   3.736000e-01    8.619939e+03    8.619939e+03    0.000000e+00
   3.744000e-01    8.620001e+03    8.620001e+03    0.000000e+00
   3.752000e-01    8.620067e+03    8.620066e+03    9.765625e-04
   3.760000e-01    8.620135e+03    8.620136e+03    9.765625e-04
   3.768000e-01    8.620210e+03    8.620209e+03    9.765625e-04
   3.776000e-01    8.620286e+03    8.620286e+03    0.000000e+00
   3.784001e-01    8.620367e+03    8.620367e+03    0.000000e+00
   3.792000e-01    8.620452e+03    8.620451e+03    9.765625e-04
   3.800000e-01    8.620540e+03    8.620540e+03    0.000000e+00
   3.808000e-01    8.620632e+03    8.620633e+03    9.765625e-04
   3.816001e-01    8.620729e+03    8.620729e+03    0.000000e+00
   3.824000e-01    8.620829e+03    8.620828e+03    9.765625e-04
   3.832000e-01    8.620933e+03    8.620932e+03    9.765625e-04
   3.840000e-01    8.621040e+03    8.621039e+03    9.765625e-04
   3.848000e-01    8.621151e+03    8.621150e+03    9.765625e-04
   3.856001e-01    8.621265e+03    8.621266e+03    9.765625e-04
   3.864000e-01    8.621384e+03    8.621384e+03    0.000000e+00
   3.872000e-01    8.621507e+03    8.621506e+03    9.765625e-04
   3.880000e-01    8.621631e+03    8.621632e+03    9.765625e-04
   3.888001e-01    8.621761e+03    8.621762e+03    9.765625e-04
   3.896000e-01    8.621895e+03    8.621895e+03    0.000000e+00
   3.904000e-01    8.622032e+03    8.622031e+03    9.765625e-04
   3.912000e-01    8.622171e+03    8.622172e+03    9.765625e-04
   3.920000e-01    8.622315e+03    8.622316e+03    9.765625e-04
   3.928000e-01    8.622463e+03    8.622464e+03    9.765625e-04
   3.936000e-01    8.622614e+03    8.622614e+03    0.000000e+00
   3.944000e-01    8.622770e+03    8.622770e+03    0.000000e+00
   3.952000e-01    8.622928e+03    8.622928e+03    0.000000e+00
   3.960001e-01    8.623090e+03    8.623090e+03    0.000000e+00
   3.968000e-01    8.623255e+03    8.623255e+03    0.000000e+00
   3.976000e-01    8.623424e+03    8.623424e+03    0.000000e+00
   3.984000e-01    8.623596e+03    8.623596e+03    0.000000e+00
   3.992001e-01    8.623771e+03    8.623771e+03    0.000000e+00
   4.000000e-01    8.623951e+03    8.623950e+03    9.765625e-04
